\BOOKMARK [0][-]{section*.1}{\376\377\000A\000b\000s\000t\000r\000a\000c\000t}{}% 1
\BOOKMARK [0][-]{section*.2}{\376\377\000A\000c\000k\000n\000o\000w\000l\000e\000d\000g\000e\000m\000e\000n\000t\000s}{}% 2
\BOOKMARK [0][-]{chapter*.4}{\376\377\000L\000i\000s\000t\000\040\000o\000f\000\040\000F\000i\000g\000u\000r\000e\000s}{}% 3
\BOOKMARK [0][-]{chapter*.5}{\376\377\000L\000i\000s\000t\000\040\000o\000f\000\040\000T\000a\000b\000l\000e\000s}{}% 4
\BOOKMARK [0][-]{chapter*.6}{\376\377\000L\000i\000s\000t\000\040\000o\000f\000\040\000A\000b\000b\000r\000e\000v\000i\000a\000t\000i\000o\000n\000s}{}% 5
\BOOKMARK [0][-]{chapter.7}{\376\377\000I\000n\000t\000r\000o\000d\000u\000c\000t\000i\000o\000n}{}% 6
\BOOKMARK [1][-]{section.8}{\376\377\000C\000o\000n\000t\000r\000i\000b\000u\000t\000i\000o\000n\000s}{chapter.7}% 7
\BOOKMARK [1][-]{section.14}{\376\377\000O\000r\000g\000a\000n\000i\000z\000a\000t\000i\000o\000n\000\040\000o\000f\000\040\000t\000h\000e\000\040\000t\000h\000e\000s\000i\000s}{chapter.7}% 8
\BOOKMARK [0][-]{chapter.16}{\376\377\000N\000e\000u\000r\000a\000l\000\040\000N\000e\000t\000w\000o\000r\000k\000-\000B\000a\000s\000e\000d\000\040\000S\000e\000g\000m\000e\000n\000t\000a\000t\000i\000o\000n\000\040\000o\000f\000\040\000B\000i\000o\000m\000e\000d\000i\000c\000a\000l\000\040\000I\000m\000a\000g\000e\000s}{}% 9
\BOOKMARK [1][-]{section.17}{\376\377\000C\000o\000m\000m\000o\000n\000\040\000T\000y\000p\000e\000s\000\040\000o\000f\000\040\000B\000i\000o\000m\000e\000d\000i\000c\000a\000l\000\040\000I\000m\000a\000g\000e\000s}{chapter.16}% 10
\BOOKMARK [2][-]{subsection.18}{\376\377\0003\000D\000\040\000M\000o\000d\000a\000l\000i\000t\000i\000e\000s}{section.17}% 11
\BOOKMARK [2][-]{subsection.29}{\376\377\0002\000D\000\040\000M\000o\000d\000a\000l\000i\000t\000i\000e\000s}{section.17}% 12
\BOOKMARK [1][-]{section.33}{\376\377\000I\000m\000a\000g\000e\000\040\000S\000e\000g\000m\000e\000n\000t\000a\000t\000i\000o\000n\000:\000\040\000F\000r\000o\000m\000\040\000I\000m\000a\000g\000e\000s\000\040\000t\000o\000\040\000S\000e\000g\000m\000e\000n\000t\000a\000t\000i\000o\000n\000\040\000M\000a\000p\000s}{chapter.16}% 13
\BOOKMARK [2][-]{subsection.35}{\376\377\000T\000r\000a\000d\000i\000t\000i\000o\000n\000a\000l\000\040\000I\000m\000a\000g\000e\000\040\000P\000r\000o\000c\000e\000s\000s\000i\000n\000g\000\040\000M\000e\000t\000h\000o\000d\000s}{section.33}% 14
\BOOKMARK [2][-]{subsection.43}{\376\377\000M\000a\000c\000h\000i\000n\000e\000\040\000L\000e\000a\000r\000n\000i\000n\000g}{section.33}% 15
\BOOKMARK [1][-]{section.46}{\376\377\000D\000e\000e\000p\000\040\000L\000e\000a\000r\000n\000i\000n\000g\000-\000B\000a\000s\000e\000d\000\040\000S\000e\000g\000m\000e\000n\000t\000a\000t\000i\000o\000n\000\040\000M\000e\000t\000h\000o\000d\000s}{chapter.16}% 16
\BOOKMARK [2][-]{subsection.51}{\376\377\000N\000e\000u\000r\000a\000l\000\040\000N\000e\000t\000w\000o\000r\000k\000\040\000T\000r\000a\000i\000n\000i\000n\000g\000,\000\040\000V\000a\000l\000i\000d\000a\000t\000i\000o\000n\000\040\000a\000n\000d\000\040\000T\000e\000s\000t\000i\000n\000g}{section.46}% 17
\BOOKMARK [2][-]{subsection.52}{\376\377\000E\000n\000c\000o\000d\000e\000r\000s\000\040\000a\000n\000d\000\040\000D\000e\000c\000o\000d\000e\000r\000s}{section.46}% 18
\BOOKMARK [2][-]{subsection.54}{\376\377\000C\000o\000n\000v\000o\000l\000u\000t\000i\000o\000n\000a\000l\000\040\000N\000e\000u\000r\000a\000l\000\040\000N\000e\000t\000w\000o\000r\000k\000s}{section.46}% 19
\BOOKMARK [1][-]{section.64}{\376\377\000C\000N\000N\000\040\000A\000r\000c\000h\000i\000t\000e\000c\000t\000u\000r\000e\000s\000\040\000f\000o\000r\000\040\000M\000e\000d\000i\000c\000a\000l\000\040\000I\000m\000a\000g\000e\000\040\000S\000e\000g\000m\000e\000n\000t\000a\000t\000i\000o\000n}{chapter.16}% 20
\BOOKMARK [2][-]{subsection.65}{\376\377\000F\000u\000l\000l\000y\000\040\000C\000o\000n\000v\000o\000l\000u\000t\000i\000o\000n\000a\000l\000\040\000N\000e\000t\000w\000o\000r\000k\000\040\000\050\000F\000C\000N\000\051}{section.64}% 21
\BOOKMARK [2][-]{subsection.67}{\376\377\000U\000-\000N\000e\000t\000\040\000a\000n\000d\000\040\000I\000t\000s\000\040\000V\000a\000r\000i\000a\000n\000t\000s}{section.64}% 22
\BOOKMARK [2][-]{subsection.73}{\376\377\000M\000a\000s\000k\000\040\000R\000-\000C\000N\000N}{section.64}% 23
\BOOKMARK [2][-]{subsection.75}{\376\377\000O\000t\000h\000e\000r\000\040\000N\000o\000t\000a\000b\000l\000e\000\040\000S\000e\000g\000m\000e\000n\000t\000a\000t\000i\000o\000n\000\040\000C\000N\000N\000s}{section.64}% 24
\BOOKMARK [1][-]{section.76}{\376\377\000F\000u\000l\000l\000y\000\040\000C\000o\000n\000n\000e\000c\000t\000e\000d\000\040\000T\000r\000a\000n\000s\000f\000o\000r\000m\000e\000r\000s\000\040\000f\000o\000r\000\040\000M\000e\000d\000i\000c\000a\000l\000\040\000I\000m\000a\000g\000e\000\040\000S\000e\000g\000m\000e\000n\000t\000a\000t\000i\000o\000n}{chapter.16}% 25
\BOOKMARK [2][-]{subsection.77}{\376\377\000A\000t\000t\000e\000n\000t\000i\000o\000n}{section.76}% 26
\BOOKMARK [2][-]{subsection.83}{\376\377\000P\000o\000s\000i\000t\000i\000o\000n\000a\000l\000\040\000E\000n\000c\000o\000d\000i\000n\000g}{section.76}% 27
\BOOKMARK [2][-]{subsection.85}{\376\377\000A\000d\000a\000p\000t\000i\000n\000g\000\040\000T\000r\000a\000n\000s\000f\000o\000r\000m\000e\000r\000s\000\040\000t\000o\000\040\000I\000m\000a\000g\000e\000\040\000S\000e\000g\000m\000e\000n\000t\000a\000t\000i\000o\000n}{section.76}% 28
\BOOKMARK [0][-]{chapter.87}{\376\377\000D\000a\000t\000a\000\040\000E\000f\000f\000i\000c\000i\000e\000n\000c\000y\000\040\000i\000n\000\040\000N\000e\000u\000r\000a\000l\000\040\000N\000e\000t\000w\000o\000r\000k\000-\000B\000a\000s\000e\000d\000\040\000I\000m\000a\000g\000e\000\040\000S\000e\000g\000m\000e\000n\000t\000a\000t\000i\000o\000n}{}% 29
\BOOKMARK [1][-]{section.98}{\376\377\000T\000r\000a\000n\000s\000f\000e\000r\000\040\000L\000e\000a\000r\000n\000i\000n\000g}{chapter.87}% 30
\BOOKMARK [2][-]{subsection.99}{\376\377\000S\000i\000m\000p\000l\000e\000\040\000T\000r\000a\000n\000s\000f\000e\000r\000\040\000L\000e\000a\000r\000n\000i\000n\000g}{section.98}% 31
\BOOKMARK [2][-]{subsection.101}{\376\377\000D\000o\000m\000a\000i\000n\000\040\000A\000d\000a\000p\000t\000a\000t\000i\000o\000n}{section.98}% 32
\BOOKMARK [2][-]{subsection.103}{\376\377\000S\000e\000m\000i\000-\000S\000u\000p\000e\000r\000v\000i\000s\000e\000d\000\040\000a\000n\000d\000\040\000S\000e\000l\000f\000-\000S\000u\000p\000e\000r\000v\000i\000s\000e\000d\000\040\000L\000e\000a\000r\000n\000i\000n\000g}{section.98}% 33
\BOOKMARK [1][-]{section.105}{\376\377\000S\000y\000n\000t\000h\000e\000t\000i\000c\000\040\000D\000a\000t\000a}{chapter.87}% 34
\BOOKMARK [1][-]{section.106}{\376\377\000R\000e\000g\000u\000l\000a\000r\000i\000z\000a\000t\000i\000o\000n}{chapter.87}% 35
\BOOKMARK [1][-]{section.109}{\376\377\000C\000o\000n\000c\000l\000u\000s\000i\000o\000n}{chapter.87}% 36
\BOOKMARK [0][-]{chapter.110}{\376\377\000D\000a\000t\000a\000\040\000E\000f\000f\000i\000c\000i\000e\000n\000c\000y\000\040\000v\000i\000a\000\040\000M\000o\000d\000e\000l\000-\000D\000r\000i\000v\000e\000n\000\040\000P\000r\000e\000p\000r\000o\000c\000e\000s\000s\000i\000n\000g}{}% 37
\BOOKMARK [1][-]{section.111}{\376\377\000M\000o\000t\000i\000v\000a\000t\000i\000o\000n\000:\000\040\000U\000s\000i\000n\000g\000\040\000T\000h\000e\000\040\000P\000o\000l\000a\000r\000\040\000T\000r\000a\000n\000s\000f\000o\000r\000m\000\040\000f\000o\000r\000\040\000P\000r\000e\000p\000r\000o\000c\000e\000s\000s\000i\000n\000g}{chapter.110}% 38
\BOOKMARK [1][-]{section.117}{\376\377\000M\000o\000d\000e\000l\000-\000d\000r\000i\000v\000e\000n\000\040\000P\000r\000e\000p\000r\000o\000c\000e\000s\000s\000i\000n\000g}{chapter.110}% 39
\BOOKMARK [2][-]{subsection.122}{\376\377\000T\000r\000a\000i\000n\000i\000n\000g\000\040\000M\000o\000d\000e\000l\000-\000D\000r\000i\000v\000e\000n\000\040\000P\000r\000e\000p\000r\000o\000c\000e\000s\000s\000i\000n\000g\000\040\000N\000e\000t\000w\000o\000r\000k\000s}{section.117}% 40
\BOOKMARK [1][-]{section.131}{\376\377\000M\000o\000d\000e\000l\000-\000D\000r\000i\000v\000e\000n\000\040\000P\000o\000l\000a\000r\000\040\000T\000r\000a\000n\000s\000f\000o\000r\000m\000\040\000U\000s\000i\000n\000g\000\040\000C\000e\000n\000t\000e\000r\000p\000o\000i\000n\000t\000\040\000P\000r\000e\000d\000i\000c\000t\000i\000o\000n}{chapter.110}% 41
\BOOKMARK [2][-]{subsection.132}{\376\377\000B\000a\000c\000k\000g\000r\000o\000u\000n\000d\000\040\000a\000n\000d\000\040\000R\000e\000l\000a\000t\000e\000d\000\040\000W\000o\000r\000k}{section.131}% 42
\BOOKMARK [2][-]{subsection.136}{\376\377\000M\000e\000t\000h\000o\000d\000o\000l\000o\000g\000y}{section.131}% 43
\BOOKMARK [2][-]{subsection.139}{\376\377\000C\000e\000n\000t\000e\000r\000p\000o\000i\000n\000t\000\040\000p\000r\000e\000d\000i\000c\000t\000i\000o\000n}{section.131}% 44
\BOOKMARK [2][-]{subsection.145}{\376\377\000E\000x\000p\000e\000r\000i\000m\000e\000n\000t\000s}{section.131}% 45
\BOOKMARK [2][-]{subsection.158}{\376\377\000R\000e\000s\000u\000l\000t\000s\000\040\000a\000n\000d\000\040\000D\000i\000s\000c\000u\000s\000s\000i\000o\000n}{section.131}% 46
\BOOKMARK [1][-]{section.172}{\376\377\000S\000u\000p\000p\000o\000r\000t\000i\000n\000g\000\040\000M\000u\000l\000t\000i\000p\000l\000e\000\040\000T\000r\000a\000n\000s\000f\000o\000r\000m\000a\000t\000i\000o\000n\000s\000\040\000o\000f\000\040\000a\000n\000\040\000I\000m\000a\000g\000e}{chapter.110}% 47
\BOOKMARK [1][-]{section.179}{\376\377\000M\000o\000d\000e\000l\000-\000D\000r\000i\000v\000e\000n\000\040\000P\000r\000e\000p\000r\000o\000c\000e\000s\000s\000i\000n\000g\000\040\000u\000s\000i\000n\000g\000\040\000M\000u\000l\000t\000i\000p\000l\000e\000\040\000T\000r\000a\000n\000s\000f\000o\000r\000m\000a\000t\000i\000o\000n\000s\000\040\000f\000o\000r\000\040\000A\000o\000r\000t\000a\000\040\000S\000e\000g\000m\000e\000n\000t\000a\000t\000i\000o\000n}{chapter.110}% 48
\BOOKMARK [2][-]{subsection.180}{\376\377\000M\000e\000t\000h\000o\000d\000o\000l\000o\000g\000y}{section.179}% 49
\BOOKMARK [2][-]{subsection.184}{\376\377\000R\000e\000s\000u\000l\000t\000s\000\040\000a\000n\000d\000\040\000D\000i\000s\000c\000u\000s\000s\000i\000o\000n}{section.179}% 50
\BOOKMARK [1][-]{section.189}{\376\377\000C\000o\000n\000c\000l\000u\000s\000i\000o\000n}{chapter.110}% 51
\BOOKMARK [0][-]{chapter.190}{\376\377\000R\000e\000d\000u\000c\000i\000n\000g\000\040\000M\000o\000d\000e\000l\000\040\000I\000n\000p\000u\000t\000\040\000S\000i\000z\000e\000s\000\040\000w\000i\000t\000h\000\040\000M\000o\000d\000e\000l\000-\000D\000r\000i\000v\000e\000n\000\040\000C\000r\000o\000p\000s}{}% 52
\BOOKMARK [1][-]{section.193}{\376\377\000M\000o\000d\000e\000l\000-\000D\000r\000i\000v\000e\000n\000\040\000I\000m\000a\000g\000e\000\040\000C\000r\000o\000p\000p\000i\000n\000g}{chapter.190}% 53
\BOOKMARK [2][-]{subsection.201}{\376\377\000R\000e\000l\000a\000t\000e\000d\000\040\000w\000o\000r\000k}{section.193}% 54
\BOOKMARK [2][-]{subsection.206}{\376\377\000R\000e\000s\000u\000l\000t\000s}{section.193}% 55
\BOOKMARK [2][-]{subsection.221}{\376\377\000D\000i\000s\000c\000u\000s\000s\000i\000o\000n}{section.193}% 56
\BOOKMARK [1][-]{section.222}{\376\377\000A\000n\000\040\000E\000n\000d\000-\000t\000o\000-\000E\000n\000d\000\040\000E\000x\000t\000e\000n\000s\000i\000o\000n\000\040\000o\000f\000\040\000M\000o\000d\000e\000l\000-\000D\000r\000i\000v\000e\000n\000\040\000I\000m\000a\000g\000e\000\040\000C\000r\000o\000p\000p\000i\000n\000g}{chapter.190}% 57
\BOOKMARK [2][-]{subsection.223}{\376\377\000E\000n\000d\000-\000t\000o\000-\000e\000n\000d\000\040\000N\000e\000t\000w\000o\000r\000k\000\040\000A\000r\000c\000h\000i\000t\000e\000c\000t\000u\000r\000e\000\040\000a\000n\000d\000\040\000T\000r\000a\000i\000n\000i\000n\000g}{section.222}% 58
\BOOKMARK [2][-]{subsection.225}{\376\377\000E\000x\000p\000e\000r\000i\000m\000e\000n\000t\000s\000\040\000i\000n\000\040\000C\000l\000i\000n\000i\000c\000a\000l\000\040\000D\000e\000r\000m\000a\000t\000o\000l\000o\000g\000i\000c\000a\000l\000\040\000I\000m\000a\000g\000e\000\040\000S\000e\000g\000m\000e\000n\000t\000a\000t\000i\000o\000n}{section.222}% 59
\BOOKMARK [1][-]{section.230}{\376\377\000C\000o\000n\000c\000l\000u\000s\000i\000o\000n}{chapter.190}% 60
\BOOKMARK [0][-]{chapter.232}{\376\377\000A\000d\000d\000i\000n\000g\000\040\000D\000e\000p\000t\000h\000\040\000I\000n\000f\000o\000r\000m\000a\000t\000i\000o\000n\000\040\000t\000o\000\040\0002\000D\000\040\000U\000-\000N\000e\000t\000s\000\040\000f\000o\000r\000\040\000C\000T\000\040\000S\000e\000g\000m\000e\000n\000t\000a\000t\000i\000o\000n}{}% 61
\BOOKMARK [1][-]{section.234}{\376\377\000E\000p\000i\000c\000a\000r\000d\000i\000a\000l\000\040\000A\000d\000i\000p\000o\000s\000e\000\040\000T\000i\000s\000s\000u\000e\000\040\000S\000e\000g\000m\000e\000n\000t\000a\000t\000i\000o\000n}{chapter.232}% 62
\BOOKMARK [1][-]{section.235}{\376\377\000R\000e\000l\000a\000t\000e\000d\000\040\000W\000o\000r\000k}{chapter.232}% 63
\BOOKMARK [1][-]{section.236}{\376\377\000D\000a\000t\000a\000s\000e\000t\000\040\000D\000e\000s\000c\000r\000i\000p\000t\000i\000o\000n}{chapter.232}% 64
\BOOKMARK [1][-]{section.238}{\376\377\000M\000e\000t\000h\000o\000d\000o\000l\000o\000g\000y}{chapter.232}% 65
\BOOKMARK [2][-]{subsection.241}{\376\377\000D\000a\000t\000a\000\040\000P\000r\000e\000p\000r\000o\000c\000e\000s\000s\000i\000n\000g}{section.238}% 66
\BOOKMARK [2][-]{subsection.243}{\376\377\000M\000o\000d\000e\000l\000\040\000T\000r\000a\000i\000n\000i\000n\000g}{section.238}% 67
\BOOKMARK [1][-]{section.244}{\376\377\000E\000x\000p\000e\000r\000i\000m\000e\000n\000t\000s\000\040\000a\000n\000d\000\040\000R\000e\000s\000u\000l\000t\000s}{chapter.232}% 68
\BOOKMARK [2][-]{subsection.245}{\376\377\000R\000e\000s\000u\000l\000t\000s}{section.244}% 69
\BOOKMARK [1][-]{section.250}{\376\377\000C\000o\000n\000c\000l\000u\000s\000i\000o\000n}{chapter.232}% 70
