\BOOKMARK [0][-]{section*.1}{\376\377\000A\000c\000k\000n\000o\000w\000l\000e\000d\000g\000e\000m\000e\000n\000t\000s}{}% 1
\BOOKMARK [0][-]{chapter*.2}{\376\377\000A\000b\000s\000t\000r\000a\000c\000t}{}% 2
\BOOKMARK [0][-]{chapter*.7}{\376\377\000S\000a\000m\000e\000n\000v\000a\000t\000t\000i\000n\000g}{}% 3
\BOOKMARK [0][-]{chapter*.12}{\376\377\000S\000a\001\176\000e\000t\000a\000k}{}% 4
\BOOKMARK [0][-]{chapter.18}{\376\377\000I\000n\000t\000r\000o\000d\000u\000c\000t\000i\000o\000n}{}% 5
\BOOKMARK [1][-]{section.19}{\376\377\000C\000o\000n\000t\000r\000i\000b\000u\000t\000i\000o\000n\000s}{chapter.18}% 6
\BOOKMARK [1][-]{section.25}{\376\377\000L\000i\000s\000t\000\040\000o\000f\000\040\000P\000u\000b\000l\000i\000c\000a\000t\000i\000o\000n\000s}{chapter.18}% 7
\BOOKMARK [2][-]{subsection.26}{\376\377\000P\000u\000b\000l\000i\000c\000a\000t\000i\000o\000n\000s\000\040\000i\000n\000\040\000S\000c\000i\000e\000n\000t\000i\000f\000i\000c\000\040\000J\000o\000u\000r\000n\000a\000l\000s}{section.25}% 8
\BOOKMARK [2][-]{subsection.27}{\376\377\000P\000u\000b\000l\000i\000c\000a\000t\000i\000o\000n\000s\000\040\000i\000n\000\040\000S\000c\000i\000e\000n\000t\000i\000f\000i\000c\000\040\000C\000o\000n\000f\000e\000r\000e\000n\000c\000e\000s}{section.25}% 9
\BOOKMARK [1][-]{section.28}{\376\377\000O\000r\000g\000a\000n\000i\000z\000a\000t\000i\000o\000n\000\040\000o\000f\000\040\000t\000h\000e\000\040\000T\000h\000e\000s\000i\000s}{chapter.18}% 10
\BOOKMARK [1][-]{section*.29}{\376\377\000R\000e\000f\000e\000r\000e\000n\000c\000e\000s}{chapter.18}% 11
\BOOKMARK [0][-]{chapter.30}{\376\377\000N\000e\000u\000r\000a\000l\000\040\000N\000e\000t\000w\000o\000r\000k\000-\000B\000a\000s\000e\000d\000\040\000S\000e\000g\000m\000e\000n\000t\000a\000t\000i\000o\000n\000\040\000o\000f\000\040\000B\000i\000o\000m\000e\000d\000i\000c\000a\000l\000\040\000I\000m\000a\000g\000e\000s}{}% 12
\BOOKMARK [1][-]{section.31}{\376\377\000C\000o\000m\000m\000o\000n\000\040\000T\000y\000p\000e\000s\000\040\000o\000f\000\040\000B\000i\000o\000m\000e\000d\000i\000c\000a\000l\000\040\000I\000m\000a\000g\000e\000s}{chapter.30}% 13
\BOOKMARK [2][-]{subsection.32}{\376\377\0003\000D\000\040\000M\000o\000d\000a\000l\000i\000t\000i\000e\000s}{section.31}% 14
\BOOKMARK [2][-]{subsection.43}{\376\377\0002\000D\000\040\000M\000o\000d\000a\000l\000i\000t\000i\000e\000s}{section.31}% 15
\BOOKMARK [1][-]{section.47}{\376\377\000I\000m\000a\000g\000e\000\040\000S\000e\000g\000m\000e\000n\000t\000a\000t\000i\000o\000n\000:\000\040\000F\000r\000o\000m\000\040\000I\000m\000a\000g\000e\000s\000\040\000t\000o\000\040\000S\000e\000g\000m\000e\000n\000t\000a\000t\000i\000o\000n\000\040\000M\000a\000p\000s}{chapter.30}% 16
\BOOKMARK [2][-]{subsection.49}{\376\377\000T\000r\000a\000d\000i\000t\000i\000o\000n\000a\000l\000\040\000I\000m\000a\000g\000e\000\040\000P\000r\000o\000c\000e\000s\000s\000i\000n\000g\000\040\000M\000e\000t\000h\000o\000d\000s}{section.47}% 17
\BOOKMARK [2][-]{subsection.57}{\376\377\000M\000a\000c\000h\000i\000n\000e\000\040\000L\000e\000a\000r\000n\000i\000n\000g}{section.47}% 18
\BOOKMARK [1][-]{section.60}{\376\377\000D\000e\000e\000p\000\040\000L\000e\000a\000r\000n\000i\000n\000g\000-\000B\000a\000s\000e\000d\000\040\000S\000e\000g\000m\000e\000n\000t\000a\000t\000i\000o\000n\000\040\000M\000e\000t\000h\000o\000d\000s}{chapter.30}% 19
\BOOKMARK [2][-]{subsection.65}{\376\377\000N\000e\000u\000r\000a\000l\000\040\000N\000e\000t\000w\000o\000r\000k\000\040\000T\000r\000a\000i\000n\000i\000n\000g\000,\000\040\000V\000a\000l\000i\000d\000a\000t\000i\000o\000n\000\040\000a\000n\000d\000\040\000T\000e\000s\000t\000i\000n\000g}{section.60}% 20
\BOOKMARK [2][-]{subsection.66}{\376\377\000E\000n\000c\000o\000d\000e\000r\000s\000\040\000a\000n\000d\000\040\000D\000e\000c\000o\000d\000e\000r\000s}{section.60}% 21
\BOOKMARK [2][-]{subsection.68}{\376\377\000C\000o\000n\000v\000o\000l\000u\000t\000i\000o\000n\000a\000l\000\040\000N\000e\000u\000r\000a\000l\000\040\000N\000e\000t\000w\000o\000r\000k\000s}{section.60}% 22
\BOOKMARK [1][-]{section.78}{\376\377\000C\000N\000N\000\040\000A\000r\000c\000h\000i\000t\000e\000c\000t\000u\000r\000e\000s\000\040\000f\000o\000r\000\040\000M\000e\000d\000i\000c\000a\000l\000\040\000I\000m\000a\000g\000e\000\040\000S\000e\000g\000m\000e\000n\000t\000a\000t\000i\000o\000n}{chapter.30}% 23
\BOOKMARK [2][-]{subsection.79}{\376\377\000F\000u\000l\000l\000y\000\040\000C\000o\000n\000v\000o\000l\000u\000t\000i\000o\000n\000a\000l\000\040\000N\000e\000t\000w\000o\000r\000k\000\040\000\050\000F\000C\000N\000\051}{section.78}% 24
\BOOKMARK [2][-]{subsection.81}{\376\377\000U\000-\000N\000e\000t\000\040\000a\000n\000d\000\040\000I\000t\000s\000\040\000V\000a\000r\000i\000a\000n\000t\000s}{section.78}% 25
\BOOKMARK [2][-]{subsection.87}{\376\377\000M\000a\000s\000k\000\040\000R\000-\000C\000N\000N}{section.78}% 26
\BOOKMARK [2][-]{subsection.89}{\376\377\000O\000t\000h\000e\000r\000\040\000N\000o\000t\000a\000b\000l\000e\000\040\000S\000e\000g\000m\000e\000n\000t\000a\000t\000i\000o\000n\000\040\000C\000N\000N\000s}{section.78}% 27
\BOOKMARK [1][-]{section.90}{\376\377\000F\000u\000l\000l\000y\000\040\000C\000o\000n\000n\000e\000c\000t\000e\000d\000\040\000T\000r\000a\000n\000s\000f\000o\000r\000m\000e\000r\000s\000\040\000f\000o\000r\000\040\000M\000e\000d\000i\000c\000a\000l\000\040\000I\000m\000a\000g\000e\000\040\000S\000e\000g\000m\000e\000n\000t\000a\000t\000i\000o\000n}{chapter.30}% 28
\BOOKMARK [2][-]{subsection.91}{\376\377\000A\000t\000t\000e\000n\000t\000i\000o\000n}{section.90}% 29
\BOOKMARK [2][-]{subsection.97}{\376\377\000P\000o\000s\000i\000t\000i\000o\000n\000a\000l\000\040\000E\000n\000c\000o\000d\000i\000n\000g}{section.90}% 30
\BOOKMARK [2][-]{subsection.99}{\376\377\000A\000d\000a\000p\000t\000i\000n\000g\000\040\000T\000r\000a\000n\000s\000f\000o\000r\000m\000e\000r\000s\000\040\000t\000o\000\040\000I\000m\000a\000g\000e\000\040\000S\000e\000g\000m\000e\000n\000t\000a\000t\000i\000o\000n}{section.90}% 31
\BOOKMARK [1][-]{section*.101}{\376\377\000R\000e\000f\000e\000r\000e\000n\000c\000e\000s}{chapter.30}% 32
\BOOKMARK [0][-]{chapter.102}{\376\377\000D\000a\000t\000a\000\040\000E\000f\000f\000i\000c\000i\000e\000n\000c\000y\000\040\000i\000n\000\040\000N\000e\000u\000r\000a\000l\000\040\000N\000e\000t\000w\000o\000r\000k\000-\000B\000a\000s\000e\000d\000\040\000I\000m\000a\000g\000e\000\040\000S\000e\000g\000m\000e\000n\000t\000a\000t\000i\000o\000n}{}% 33
\BOOKMARK [1][-]{section.113}{\376\377\000T\000r\000a\000n\000s\000f\000e\000r\000\040\000L\000e\000a\000r\000n\000i\000n\000g}{chapter.102}% 34
\BOOKMARK [2][-]{subsection.114}{\376\377\000S\000i\000m\000p\000l\000e\000\040\000T\000r\000a\000n\000s\000f\000e\000r\000\040\000L\000e\000a\000r\000n\000i\000n\000g}{section.113}% 35
\BOOKMARK [2][-]{subsection.116}{\376\377\000D\000o\000m\000a\000i\000n\000\040\000A\000d\000a\000p\000t\000a\000t\000i\000o\000n}{section.113}% 36
\BOOKMARK [2][-]{subsection.118}{\376\377\000S\000e\000m\000i\000-\000S\000u\000p\000e\000r\000v\000i\000s\000e\000d\000\040\000a\000n\000d\000\040\000S\000e\000l\000f\000-\000S\000u\000p\000e\000r\000v\000i\000s\000e\000d\000\040\000L\000e\000a\000r\000n\000i\000n\000g}{section.113}% 37
\BOOKMARK [1][-]{section.120}{\376\377\000S\000y\000n\000t\000h\000e\000t\000i\000c\000\040\000D\000a\000t\000a}{chapter.102}% 38
\BOOKMARK [1][-]{section.121}{\376\377\000R\000e\000g\000u\000l\000a\000r\000i\000z\000a\000t\000i\000o\000n}{chapter.102}% 39
\BOOKMARK [1][-]{section.124}{\376\377\000C\000o\000n\000c\000l\000u\000s\000i\000o\000n}{chapter.102}% 40
\BOOKMARK [1][-]{section*.125}{\376\377\000R\000e\000f\000e\000r\000e\000n\000c\000e\000s}{chapter.102}% 41
\BOOKMARK [0][-]{chapter.126}{\376\377\000D\000a\000t\000a\000\040\000E\000f\000f\000i\000c\000i\000e\000n\000c\000y\000\040\000v\000i\000a\000\040\000M\000o\000d\000e\000l\000-\000D\000r\000i\000v\000e\000n\000\040\000P\000r\000e\000p\000r\000o\000c\000e\000s\000s\000i\000n\000g}{}% 42
\BOOKMARK [1][-]{section.127}{\376\377\000M\000o\000t\000i\000v\000a\000t\000i\000o\000n\000:\000\040\000U\000s\000i\000n\000g\000\040\000T\000h\000e\000\040\000P\000o\000l\000a\000r\000\040\000T\000r\000a\000n\000s\000f\000o\000r\000m\000\040\000f\000o\000r\000\040\000P\000r\000e\000p\000r\000o\000c\000e\000s\000s\000i\000n\000g}{chapter.126}% 43
\BOOKMARK [1][-]{section.133}{\376\377\000M\000o\000d\000e\000l\000-\000d\000r\000i\000v\000e\000n\000\040\000P\000r\000e\000p\000r\000o\000c\000e\000s\000s\000i\000n\000g}{chapter.126}% 44
\BOOKMARK [2][-]{subsection.138}{\376\377\000T\000r\000a\000i\000n\000i\000n\000g\000\040\000M\000o\000d\000e\000l\000-\000D\000r\000i\000v\000e\000n\000\040\000P\000r\000e\000p\000r\000o\000c\000e\000s\000s\000i\000n\000g\000\040\000N\000e\000t\000w\000o\000r\000k\000s}{section.133}% 45
\BOOKMARK [1][-]{section.147}{\376\377\000M\000o\000d\000e\000l\000-\000D\000r\000i\000v\000e\000n\000\040\000P\000o\000l\000a\000r\000\040\000T\000r\000a\000n\000s\000f\000o\000r\000m\000\040\000U\000s\000i\000n\000g\000\040\000C\000e\000n\000t\000e\000r\000p\000o\000i\000n\000t\000\040\000P\000r\000e\000d\000i\000c\000t\000i\000o\000n}{chapter.126}% 46
\BOOKMARK [2][-]{subsection.148}{\376\377\000B\000a\000c\000k\000g\000r\000o\000u\000n\000d\000\040\000a\000n\000d\000\040\000R\000e\000l\000a\000t\000e\000d\000\040\000W\000o\000r\000k}{section.147}% 47
\BOOKMARK [2][-]{subsection.152}{\376\377\000M\000e\000t\000h\000o\000d\000o\000l\000o\000g\000y}{section.147}% 48
\BOOKMARK [2][-]{subsection.155}{\376\377\000C\000e\000n\000t\000e\000r\000p\000o\000i\000n\000t\000\040\000p\000r\000e\000d\000i\000c\000t\000i\000o\000n}{section.147}% 49
\BOOKMARK [2][-]{subsection.162}{\376\377\000E\000x\000p\000e\000r\000i\000m\000e\000n\000t\000s}{section.147}% 50
\BOOKMARK [2][-]{subsection.175}{\376\377\000R\000e\000s\000u\000l\000t\000s\000\040\000a\000n\000d\000\040\000D\000i\000s\000c\000u\000s\000s\000i\000o\000n}{section.147}% 51
\BOOKMARK [1][-]{section.189}{\376\377\000S\000u\000p\000p\000o\000r\000t\000i\000n\000g\000\040\000M\000u\000l\000t\000i\000p\000l\000e\000\040\000T\000r\000a\000n\000s\000f\000o\000r\000m\000a\000t\000i\000o\000n\000s\000\040\000o\000f\000\040\000a\000n\000\040\000I\000m\000a\000g\000e}{chapter.126}% 52
\BOOKMARK [1][-]{section.196}{\376\377\000M\000o\000d\000e\000l\000-\000D\000r\000i\000v\000e\000n\000\040\000P\000r\000e\000p\000r\000o\000c\000e\000s\000s\000i\000n\000g\000\040\000u\000s\000i\000n\000g\000\040\000M\000u\000l\000t\000i\000p\000l\000e\000\040\000T\000r\000a\000n\000s\000f\000o\000r\000m\000a\000t\000i\000o\000n\000s\000\040\000f\000o\000r\000\040\000A\000o\000r\000t\000a\000\040\000S\000e\000g\000m\000e\000n\000t\000a\000t\000i\000o\000n}{chapter.126}% 53
\BOOKMARK [2][-]{subsection.197}{\376\377\000M\000e\000t\000h\000o\000d\000o\000l\000o\000g\000y}{section.196}% 54
\BOOKMARK [2][-]{subsection.201}{\376\377\000R\000e\000s\000u\000l\000t\000s\000\040\000a\000n\000d\000\040\000D\000i\000s\000c\000u\000s\000s\000i\000o\000n}{section.196}% 55
\BOOKMARK [1][-]{section.206}{\376\377\000C\000o\000n\000c\000l\000u\000s\000i\000o\000n}{chapter.126}% 56
\BOOKMARK [1][-]{section*.207}{\376\377\000R\000e\000f\000e\000r\000e\000n\000c\000e\000s}{chapter.126}% 57
\BOOKMARK [0][-]{chapter.208}{\376\377\000R\000e\000d\000u\000c\000i\000n\000g\000\040\000M\000o\000d\000e\000l\000\040\000I\000n\000p\000u\000t\000\040\000S\000i\000z\000e\000s\000\040\000w\000i\000t\000h\000\040\000M\000o\000d\000e\000l\000-\000D\000r\000i\000v\000e\000n\000\040\000C\000r\000o\000p\000s}{}% 58
\BOOKMARK [1][-]{section.211}{\376\377\000M\000o\000d\000e\000l\000-\000D\000r\000i\000v\000e\000n\000\040\000I\000m\000a\000g\000e\000\040\000C\000r\000o\000p\000p\000i\000n\000g}{chapter.208}% 59
\BOOKMARK [2][-]{subsection.219}{\376\377\000R\000e\000l\000a\000t\000e\000d\000\040\000w\000o\000r\000k}{section.211}% 60
\BOOKMARK [2][-]{subsection.224}{\376\377\000R\000e\000s\000u\000l\000t\000s}{section.211}% 61
\BOOKMARK [1][-]{section.239}{\376\377\000A\000n\000\040\000E\000n\000d\000-\000t\000o\000-\000E\000n\000d\000\040\000E\000x\000t\000e\000n\000s\000i\000o\000n\000\040\000o\000f\000\040\000M\000o\000d\000e\000l\000-\000D\000r\000i\000v\000e\000n\000\040\000I\000m\000a\000g\000e\000\040\000C\000r\000o\000p\000p\000i\000n\000g}{chapter.208}% 62
\BOOKMARK [2][-]{subsection.240}{\376\377\000E\000n\000d\000-\000t\000o\000-\000e\000n\000d\000\040\000N\000e\000t\000w\000o\000r\000k\000\040\000A\000r\000c\000h\000i\000t\000e\000c\000t\000u\000r\000e\000\040\000a\000n\000d\000\040\000T\000r\000a\000i\000n\000i\000n\000g}{section.239}% 63
\BOOKMARK [2][-]{subsection.242}{\376\377\000E\000x\000p\000e\000r\000i\000m\000e\000n\000t\000s\000\040\000i\000n\000\040\000C\000l\000i\000n\000i\000c\000a\000l\000\040\000D\000e\000r\000m\000a\000t\000o\000l\000o\000g\000i\000c\000a\000l\000\040\000I\000m\000a\000g\000e\000\040\000S\000e\000g\000m\000e\000n\000t\000a\000t\000i\000o\000n}{section.239}% 64
\BOOKMARK [1][-]{section.247}{\376\377\000C\000o\000n\000c\000l\000u\000s\000i\000o\000n}{chapter.208}% 65
\BOOKMARK [1][-]{section*.249}{\376\377\000R\000e\000f\000e\000r\000e\000n\000c\000e\000s}{chapter.208}% 66
\BOOKMARK [0][-]{chapter.250}{\376\377\000A\000d\000d\000i\000n\000g\000\040\000D\000e\000p\000t\000h\000\040\000I\000n\000f\000o\000r\000m\000a\000t\000i\000o\000n\000\040\000t\000o\000\040\0002\000D\000\040\000U\000-\000N\000e\000t\000s\000\040\000f\000o\000r\000\040\000C\000T\000\040\000S\000e\000g\000m\000e\000n\000t\000a\000t\000i\000o\000n}{}% 67
\BOOKMARK [1][-]{section.253}{\376\377\000E\000p\000i\000c\000a\000r\000d\000i\000a\000l\000\040\000A\000d\000i\000p\000o\000s\000e\000\040\000T\000i\000s\000s\000u\000e\000\040\000S\000e\000g\000m\000e\000n\000t\000a\000t\000i\000o\000n}{chapter.250}% 68
\BOOKMARK [1][-]{section.254}{\376\377\000R\000e\000l\000a\000t\000e\000d\000\040\000W\000o\000r\000k}{chapter.250}% 69
\BOOKMARK [1][-]{section.255}{\376\377\000D\000a\000t\000a\000s\000e\000t\000\040\000D\000e\000s\000c\000r\000i\000p\000t\000i\000o\000n}{chapter.250}% 70
\BOOKMARK [1][-]{section.257}{\376\377\000M\000e\000t\000h\000o\000d\000o\000l\000o\000g\000y}{chapter.250}% 71
\BOOKMARK [2][-]{subsection.260}{\376\377\000D\000a\000t\000a\000\040\000P\000r\000e\000p\000r\000o\000c\000e\000s\000s\000i\000n\000g}{section.257}% 72
\BOOKMARK [2][-]{subsection.262}{\376\377\000M\000o\000d\000e\000l\000\040\000T\000r\000a\000i\000n\000i\000n\000g}{section.257}% 73
\BOOKMARK [1][-]{section.263}{\376\377\000E\000x\000p\000e\000r\000i\000m\000e\000n\000t\000s\000\040\000a\000n\000d\000\040\000R\000e\000s\000u\000l\000t\000s}{chapter.250}% 74
\BOOKMARK [2][-]{subsection.264}{\376\377\000R\000e\000s\000u\000l\000t\000s}{section.263}% 75
\BOOKMARK [1][-]{section.269}{\376\377\000C\000o\000n\000c\000l\000u\000s\000i\000o\000n}{chapter.250}% 76
\BOOKMARK [1][-]{section*.270}{\376\377\000R\000e\000f\000e\000r\000e\000n\000c\000e\000s}{chapter.250}% 77
\BOOKMARK [0][-]{chapter.271}{\376\377\000C\000o\000n\000c\000l\000u\000s\000i\000o\000n}{}% 78
\BOOKMARK [0][-]{chapter.272}{\376\377\000C\000u\000r\000r\000i\000c\000u\000l\000u\000m\000\040\000V\000i\000t\000a\000e}{}% 79
